<?xml version="1.0" encoding="UTF-8"?>
<coverage generated="1595492858615" clover="3.2.0">
  <project timestamp="1595492858615" name="All files">
    <metrics statements="87" coveredstatements="85" conditionals="83" coveredconditionals="76" methods="29" coveredmethods="28" elements="199" coveredelements="189" complexity="0" loc="87" ncloc="87" packages="1" files="4" classes="4"/>
    <file name="Board.ts" path="/home/alex/Checkers/src/BusinessLogic/Board.ts">
      <metrics statements="8" coveredstatements="8" conditionals="5" coveredconditionals="5" methods="3" coveredmethods="3"/>
      <line num="9" count="3" type="stmt"/>
      <line num="19" count="20" type="stmt"/>
      <line num="20" count="16" type="stmt"/>
      <line num="21" count="16" type="stmt"/>
      <line num="24" count="20" type="stmt"/>
      <line num="25" count="20" type="cond" truecount="5" falsecount="0"/>
      <line num="26" count="4" type="stmt"/>
      <line num="28" count="3" type="stmt"/>
    </file>
    <file name="CapturedPawnsCounter.ts" path="/home/alex/Checkers/src/BusinessLogic/CapturedPawnsCounter.ts">
      <metrics statements="48" coveredstatements="46" conditionals="54" coveredconditionals="47" methods="16" coveredmethods="15"/>
      <line num="1" count="1" type="stmt"/>
      <line num="10" count="1" type="stmt"/>
      <line num="13" count="6" type="cond" truecount="2" falsecount="0"/>
      <line num="14" count="1" type="stmt"/>
      <line num="16" count="5" type="stmt"/>
      <line num="17" count="13" type="stmt"/>
      <line num="19" count="5" type="cond" truecount="2" falsecount="0"/>
      <line num="20" count="1" type="stmt"/>
      <line num="23" count="4" type="stmt"/>
      <line num="24" count="4" type="stmt"/>
      <line num="25" count="4" type="stmt"/>
      <line num="26" count="4" type="stmt"/>
      <line num="27" count="4" type="stmt"/>
      <line num="28" count="8" type="stmt"/>
      <line num="29" count="8" type="cond" truecount="2" falsecount="0"/>
      <line num="30" count="4" type="stmt"/>
      <line num="31" count="4" type="stmt"/>
      <line num="32" count="4" type="stmt"/>
      <line num="35" count="4" type="stmt"/>
      <line num="39" count="4" type="stmt"/>
      <line num="44" count="1" type="stmt"/>
      <line num="45" count="18" type="cond" truecount="4" falsecount="0"/>
      <line num="50" count="1" type="stmt"/>
      <line num="56" count="8" type="stmt"/>
      <line num="57" count="10" type="cond" truecount="3" falsecount="0"/>
      <line num="58" count="13" type="cond" truecount="1" falsecount="1"/>
      <line num="59" count="8" type="cond" truecount="4" falsecount="0"/>
      <line num="60" count="2" type="stmt"/>
      <line num="63" count="5" type="cond" truecount="2" falsecount="0"/>
      <line num="67" count="6" type="stmt"/>
      <line num="68" count="7" type="cond" truecount="3" falsecount="0"/>
      <line num="69" count="8" type="cond" truecount="2" falsecount="0"/>
      <line num="70" count="6" type="cond" truecount="4" falsecount="0"/>
      <line num="71" count="1" type="stmt"/>
      <line num="74" count="1" type="cond" truecount="2" falsecount="0"/>
      <line num="78" count="5" type="stmt"/>
      <line num="79" count="6" type="cond" truecount="3" falsecount="0"/>
      <line num="80" count="7" type="cond" truecount="1" falsecount="1"/>
      <line num="81" count="5" type="cond" truecount="4" falsecount="0"/>
      <line num="82" count="1" type="stmt"/>
      <line num="85" count="2" type="cond" truecount="2" falsecount="0"/>
      <line num="89" count="4" type="stmt"/>
      <line num="90" count="5" type="cond" truecount="2" falsecount="1"/>
      <line num="91" count="5" type="cond" truecount="2" falsecount="0"/>
      <line num="92" count="4" type="cond" truecount="2" falsecount="2"/>
      <line num="93" count="0" type="stmt"/>
      <line num="96" count="0" type="cond" truecount="0" falsecount="2"/>
      <line num="100" count="4" type="stmt"/>
    </file>
    <file name="Coordinates.ts" path="/home/alex/Checkers/src/BusinessLogic/Coordinates.ts">
      <metrics statements="10" coveredstatements="10" conditionals="8" coveredconditionals="8" methods="3" coveredmethods="3"/>
      <line num="9" count="3" type="stmt"/>
      <line num="13" count="55" type="stmt"/>
      <line num="14" count="49" type="stmt"/>
      <line num="15" count="49" type="stmt"/>
      <line num="18" count="55" type="stmt"/>
      <line num="19" count="55" type="cond" truecount="4" falsecount="0"/>
      <line num="20" count="3" type="stmt"/>
      <line num="21" count="52" type="cond" truecount="4" falsecount="0"/>
      <line num="22" count="3" type="stmt"/>
      <line num="25" count="3" type="stmt"/>
    </file>
    <file name="JafarGame.ts" path="/home/alex/Checkers/src/BusinessLogic/JafarGame.ts">
      <metrics statements="21" coveredstatements="21" conditionals="16" coveredconditionals="16" methods="7" coveredmethods="7"/>
      <line num="9" count="2" type="stmt"/>
      <line num="22" count="13" type="stmt"/>
      <line num="24" count="7" type="stmt"/>
      <line num="25" count="7" type="stmt"/>
      <line num="26" count="7" type="stmt"/>
      <line num="29" count="13" type="stmt"/>
      <line num="30" count="13" type="cond" truecount="2" falsecount="0"/>
      <line num="31" count="1" type="stmt"/>
      <line num="32" count="12" type="cond" truecount="2" falsecount="0"/>
      <line num="33" count="1" type="stmt"/>
      <line num="34" count="27" type="cond" truecount="2" falsecount="0"/>
      <line num="35" count="11" type="cond" truecount="2" falsecount="0"/>
      <line num="36" count="2" type="stmt"/>
      <line num="37" count="22" type="cond" truecount="2" falsecount="0"/>
      <line num="38" count="9" type="cond" truecount="2" falsecount="0"/>
      <line num="39" count="1" type="stmt"/>
      <line num="41" count="8" type="stmt"/>
      <line num="42" count="53" type="cond" truecount="2" falsecount="0"/>
      <line num="43" count="19" type="cond" truecount="2" falsecount="0"/>
      <line num="44" count="1" type="stmt"/>
      <line num="50" count="2" type="stmt"/>
    </file>
  </project>
</coverage>
