{"/home/alex/Checkers/src/BusinessLogic/Board.ts": {"path":"/home/alex/Checkers/src/BusinessLogic/Board.ts","statementMap":{"0":{"start":{"line":9,"column":0},"end":{"line":9,"column":13}},"1":{"start":{"line":24,"column":12},"end":{"line":27,"column":null}},"2":{"start":{"line":25,"column":8},"end":{"line":26,"column":139}},"3":{"start":{"line":26,"column":12},"end":{"line":26,"column":139}},"4":{"start":{"line":19,"column":8},"end":{"line":19,"column":49}},"5":{"start":{"line":20,"column":8},"end":{"line":20,"column":27}},"6":{"start":{"line":21,"column":8},"end":{"line":21,"column":26}},"7":{"start":{"line":28,"column":0},"end":{"line":28,"column":null}},"8":{"start":{"line":9,"column":13},"end":{"line":9,"column":18}}},"fnMap":{"0":{"name":"(anonymous_0)","decl":{"start":{"line":9,"column":0},"end":{"line":9,"column":13}},"loc":{"start":{"line":9,"column":0},"end":{"line":28,"column":null}}},"1":{"name":"Board","decl":{"start":{"line":18,"column":4},"end":{"line":18,"column":16}},"loc":{"start":{"line":18,"column":28},"end":{"line":22,"column":5}}},"2":{"name":"(anonymous_2)","decl":{"start":{"line":24,"column":44},"end":{"line":24,"column":45}},"loc":{"start":{"line":24,"column":57},"end":{"line":27,"column":5}}}},"branchMap":{"0":{"loc":{"start":{"line":25,"column":8},"end":{"line":26,"column":139}},"type":"if","locations":[{"start":{"line":25,"column":8},"end":{"line":26,"column":139}},{"start":{"line":25,"column":8},"end":{"line":26,"column":139}}]},"1":{"loc":{"start":{"line":25,"column":11},"end":{"line":25,"column":34}},"type":"binary-expr","locations":[{"start":{"line":25,"column":11},"end":{"line":25,"column":34}},{"start":{"line":25,"column":38},"end":{"line":25,"column":46}},{"start":{"line":25,"column":50},"end":{"line":25,"column":59}}]}},"s":{"0":3,"1":20,"2":20,"3":4,"4":20,"5":16,"6":16,"7":3,"8":3},"f":{"0":3,"1":20,"2":20},"b":{"0":[4,16],"1":[20,19,17]}}
,"/home/alex/Checkers/src/BusinessLogic/CapturedPawnsCounter.ts": {"path":"/home/alex/Checkers/src/BusinessLogic/CapturedPawnsCounter.ts","statementMap":{"0":{"start":{"line":1,"column":0},"end":{"line":1,"column":44}},"1":{"start":{"line":10,"column":13},"end":{"line":42,"column":null}},"2":{"start":{"line":13,"column":4},"end":{"line":14,"column":17}},"3":{"start":{"line":14,"column":8},"end":{"line":14,"column":17}},"4":{"start":{"line":16,"column":32},"end":{"line":17,"column":null}},"5":{"start":{"line":17,"column":19},"end":{"line":17,"column":null}},"6":{"start":{"line":19,"column":4},"end":{"line":20,"column":15}},"7":{"start":{"line":20,"column":6},"end":{"line":20,"column":15}},"8":{"start":{"line":23,"column":30},"end":{"line":23,"column":31}},"9":{"start":{"line":24,"column":23},"end":{"line":24,"column":27}},"10":{"start":{"line":25,"column":22},"end":{"line":25,"column":36}},"11":{"start":{"line":26,"column":23},"end":{"line":26,"column":40}},"12":{"start":{"line":27,"column":4},"end":{"line":38,"column":null}},"13":{"start":{"line":28,"column":25},"end":{"line":28,"column":74}},"14":{"start":{"line":29,"column":8},"end":{"line":36,"column":null}},"15":{"start":{"line":30,"column":12},"end":{"line":30,"column":null}},"16":{"start":{"line":31,"column":12},"end":{"line":31,"column":56}},"17":{"start":{"line":32,"column":12},"end":{"line":32,"column":59}},"18":{"start":{"line":35,"column":12},"end":{"line":35,"column":33}},"19":{"start":{"line":39,"column":4},"end":{"line":39,"column":31}},"20":{"start":{"line":44,"column":38},"end":{"line":46,"column":1}},"21":{"start":{"line":45,"column":4},"end":{"line":45,"column":97}},"22":{"start":{"line":50,"column":20},"end":{"line":106,"column":1}},"23":{"start":{"line":56,"column":4},"end":{"line":56,"column":71}},"24":{"start":{"line":57,"column":4},"end":{"line":57,"column":164}},"25":{"start":{"line":57,"column":45},"end":{"line":57,"column":163}},"26":{"start":{"line":58,"column":4},"end":{"line":58,"column":132}},"27":{"start":{"line":58,"column":46},"end":{"line":58,"column":131}},"28":{"start":{"line":59,"column":4},"end":{"line":64,"column":null}},"29":{"start":{"line":60,"column":8},"end":{"line":64,"column":null}},"30":{"start":{"line":63,"column":63},"end":{"line":63,"column":114}},"31":{"start":{"line":67,"column":4},"end":{"line":67,"column":71}},"32":{"start":{"line":68,"column":4},"end":{"line":68,"column":163}},"33":{"start":{"line":68,"column":44},"end":{"line":68,"column":162}},"34":{"start":{"line":69,"column":4},"end":{"line":69,"column":132}},"35":{"start":{"line":69,"column":46},"end":{"line":69,"column":131}},"36":{"start":{"line":70,"column":4},"end":{"line":75,"column":null}},"37":{"start":{"line":71,"column":8},"end":{"line":75,"column":null}},"38":{"start":{"line":74,"column":63},"end":{"line":74,"column":114}},"39":{"start":{"line":78,"column":4},"end":{"line":78,"column":71}},"40":{"start":{"line":79,"column":4},"end":{"line":79,"column":165}},"41":{"start":{"line":79,"column":45},"end":{"line":79,"column":164}},"42":{"start":{"line":80,"column":4},"end":{"line":80,"column":133}},"43":{"start":{"line":80,"column":47},"end":{"line":80,"column":132}},"44":{"start":{"line":81,"column":4},"end":{"line":86,"column":null}},"45":{"start":{"line":82,"column":8},"end":{"line":86,"column":null}},"46":{"start":{"line":85,"column":63},"end":{"line":85,"column":114}},"47":{"start":{"line":89,"column":4},"end":{"line":89,"column":71}},"48":{"start":{"line":90,"column":4},"end":{"line":90,"column":165}},"49":{"start":{"line":90,"column":45},"end":{"line":90,"column":164}},"50":{"start":{"line":91,"column":4},"end":{"line":91,"column":133}},"51":{"start":{"line":91,"column":47},"end":{"line":91,"column":132}},"52":{"start":{"line":92,"column":4},"end":{"line":97,"column":null}},"53":{"start":{"line":93,"column":8},"end":{"line":97,"column":null}},"54":{"start":{"line":96,"column":64},"end":{"line":96,"column":115}},"55":{"start":{"line":100,"column":4},"end":{"line":104,"column":null}}},"fnMap":{"0":{"name":"(anonymous_0)","decl":{"start":{"line":10,"column":34},"end":{"line":10,"column":35}},"loc":{"start":{"line":10,"column":50},"end":{"line":42,"column":1}}},"1":{"name":"(anonymous_1)","decl":{"start":{"line":17,"column":9},"end":{"line":17,"column":10}},"loc":{"start":{"line":17,"column":14},"end":{"line":17,"column":48}}},"2":{"name":"(anonymous_2)","decl":{"start":{"line":44,"column":38},"end":{"line":44,"column":39}},"loc":{"start":{"line":44,"column":70},"end":{"line":46,"column":1}}},"3":{"name":"(anonymous_3)","decl":{"start":{"line":50,"column":20},"end":{"line":50,"column":21}},"loc":{"start":{"line":50,"column":78},"end":{"line":106,"column":1}}},"4":{"name":"(anonymous_4)","decl":{"start":{"line":57,"column":35},"end":{"line":57,"column":36}},"loc":{"start":{"line":57,"column":40},"end":{"line":57,"column":49}}},"5":{"name":"(anonymous_5)","decl":{"start":{"line":58,"column":36},"end":{"line":58,"column":37}},"loc":{"start":{"line":58,"column":41},"end":{"line":58,"column":50}}},"6":{"name":"(anonymous_6)","decl":{"start":{"line":63,"column":53},"end":{"line":63,"column":54}},"loc":{"start":{"line":63,"column":58},"end":{"line":63,"column":67}}},"7":{"name":"(anonymous_7)","decl":{"start":{"line":68,"column":34},"end":{"line":68,"column":35}},"loc":{"start":{"line":68,"column":39},"end":{"line":68,"column":48}}},"8":{"name":"(anonymous_8)","decl":{"start":{"line":69,"column":36},"end":{"line":69,"column":37}},"loc":{"start":{"line":69,"column":41},"end":{"line":69,"column":50}}},"9":{"name":"(anonymous_9)","decl":{"start":{"line":74,"column":53},"end":{"line":74,"column":54}},"loc":{"start":{"line":74,"column":58},"end":{"line":74,"column":67}}},"10":{"name":"(anonymous_10)","decl":{"start":{"line":79,"column":35},"end":{"line":79,"column":36}},"loc":{"start":{"line":79,"column":40},"end":{"line":79,"column":49}}},"11":{"name":"(anonymous_11)","decl":{"start":{"line":80,"column":37},"end":{"line":80,"column":38}},"loc":{"start":{"line":80,"column":42},"end":{"line":80,"column":51}}},"12":{"name":"(anonymous_12)","decl":{"start":{"line":85,"column":53},"end":{"line":85,"column":54}},"loc":{"start":{"line":85,"column":58},"end":{"line":85,"column":67}}},"13":{"name":"(anonymous_13)","decl":{"start":{"line":90,"column":35},"end":{"line":90,"column":36}},"loc":{"start":{"line":90,"column":40},"end":{"line":90,"column":49}}},"14":{"name":"(anonymous_14)","decl":{"start":{"line":91,"column":37},"end":{"line":91,"column":38}},"loc":{"start":{"line":91,"column":42},"end":{"line":91,"column":51}}},"15":{"name":"(anonymous_15)","decl":{"start":{"line":96,"column":54},"end":{"line":96,"column":55}},"loc":{"start":{"line":96,"column":59},"end":{"line":96,"column":68}}}},"branchMap":{"0":{"loc":{"start":{"line":13,"column":4},"end":{"line":14,"column":17}},"type":"if","locations":[{"start":{"line":13,"column":4},"end":{"line":14,"column":17}},{"start":{"line":13,"column":4},"end":{"line":14,"column":17}}]},"1":{"loc":{"start":{"line":19,"column":4},"end":{"line":20,"column":15}},"type":"if","locations":[{"start":{"line":19,"column":4},"end":{"line":20,"column":15}},{"start":{"line":19,"column":4},"end":{"line":20,"column":15}}]},"2":{"loc":{"start":{"line":29,"column":8},"end":{"line":36,"column":null}},"type":"if","locations":[{"start":{"line":29,"column":8},"end":{"line":36,"column":null}},{"start":{"line":29,"column":8},"end":{"line":36,"column":null}}]},"3":{"loc":{"start":{"line":45,"column":12},"end":{"line":45,"column":24}},"type":"binary-expr","locations":[{"start":{"line":45,"column":12},"end":{"line":45,"column":24}},{"start":{"line":45,"column":28},"end":{"line":45,"column":50}},{"start":{"line":45,"column":56},"end":{"line":45,"column":68}},{"start":{"line":45,"column":72},"end":{"line":45,"column":95}}]},"4":{"loc":{"start":{"line":57,"column":45},"end":{"line":57,"column":78}},"type":"binary-expr","locations":[{"start":{"line":57,"column":45},"end":{"line":57,"column":78}},{"start":{"line":57,"column":82},"end":{"line":57,"column":115}},{"start":{"line":57,"column":119},"end":{"line":57,"column":161}}]},"5":{"loc":{"start":{"line":58,"column":46},"end":{"line":58,"column":85}},"type":"binary-expr","locations":[{"start":{"line":58,"column":46},"end":{"line":58,"column":85}},{"start":{"line":58,"column":89},"end":{"line":58,"column":128}}]},"6":{"loc":{"start":{"line":59,"column":4},"end":{"line":64,"column":null}},"type":"if","locations":[{"start":{"line":59,"column":4},"end":{"line":64,"column":null}},{"start":{"line":59,"column":4},"end":{"line":64,"column":null}}]},"7":{"loc":{"start":{"line":59,"column":7},"end":{"line":59,"column":17}},"type":"binary-expr","locations":[{"start":{"line":59,"column":7},"end":{"line":59,"column":17}},{"start":{"line":59,"column":21},"end":{"line":59,"column":34}}]},"8":{"loc":{"start":{"line":63,"column":63},"end":{"line":63,"column":86}},"type":"binary-expr","locations":[{"start":{"line":63,"column":63},"end":{"line":63,"column":86}},{"start":{"line":63,"column":90},"end":{"line":63,"column":113}}]},"9":{"loc":{"start":{"line":68,"column":44},"end":{"line":68,"column":77}},"type":"binary-expr","locations":[{"start":{"line":68,"column":44},"end":{"line":68,"column":77}},{"start":{"line":68,"column":81},"end":{"line":68,"column":114}},{"start":{"line":68,"column":118},"end":{"line":68,"column":160}}]},"10":{"loc":{"start":{"line":69,"column":46},"end":{"line":69,"column":85}},"type":"binary-expr","locations":[{"start":{"line":69,"column":46},"end":{"line":69,"column":85}},{"start":{"line":69,"column":89},"end":{"line":69,"column":128}}]},"11":{"loc":{"start":{"line":70,"column":4},"end":{"line":75,"column":null}},"type":"if","locations":[{"start":{"line":70,"column":4},"end":{"line":75,"column":null}},{"start":{"line":70,"column":4},"end":{"line":75,"column":null}}]},"12":{"loc":{"start":{"line":70,"column":7},"end":{"line":70,"column":17}},"type":"binary-expr","locations":[{"start":{"line":70,"column":7},"end":{"line":70,"column":17}},{"start":{"line":70,"column":21},"end":{"line":70,"column":34}}]},"13":{"loc":{"start":{"line":74,"column":63},"end":{"line":74,"column":86}},"type":"binary-expr","locations":[{"start":{"line":74,"column":63},"end":{"line":74,"column":86}},{"start":{"line":74,"column":90},"end":{"line":74,"column":113}}]},"14":{"loc":{"start":{"line":79,"column":45},"end":{"line":79,"column":78}},"type":"binary-expr","locations":[{"start":{"line":79,"column":45},"end":{"line":79,"column":78}},{"start":{"line":79,"column":82},"end":{"line":79,"column":115}},{"start":{"line":79,"column":119},"end":{"line":79,"column":161}}]},"15":{"loc":{"start":{"line":80,"column":47},"end":{"line":80,"column":86}},"type":"binary-expr","locations":[{"start":{"line":80,"column":47},"end":{"line":80,"column":86}},{"start":{"line":80,"column":90},"end":{"line":80,"column":129}}]},"16":{"loc":{"start":{"line":81,"column":4},"end":{"line":86,"column":null}},"type":"if","locations":[{"start":{"line":81,"column":4},"end":{"line":86,"column":null}},{"start":{"line":81,"column":4},"end":{"line":86,"column":null}}]},"17":{"loc":{"start":{"line":81,"column":7},"end":{"line":81,"column":17}},"type":"binary-expr","locations":[{"start":{"line":81,"column":7},"end":{"line":81,"column":17}},{"start":{"line":81,"column":21},"end":{"line":81,"column":34}}]},"18":{"loc":{"start":{"line":85,"column":63},"end":{"line":85,"column":86}},"type":"binary-expr","locations":[{"start":{"line":85,"column":63},"end":{"line":85,"column":86}},{"start":{"line":85,"column":90},"end":{"line":85,"column":113}}]},"19":{"loc":{"start":{"line":90,"column":45},"end":{"line":90,"column":78}},"type":"binary-expr","locations":[{"start":{"line":90,"column":45},"end":{"line":90,"column":78}},{"start":{"line":90,"column":82},"end":{"line":90,"column":115}},{"start":{"line":90,"column":119},"end":{"line":90,"column":161}}]},"20":{"loc":{"start":{"line":91,"column":47},"end":{"line":91,"column":86}},"type":"binary-expr","locations":[{"start":{"line":91,"column":47},"end":{"line":91,"column":86}},{"start":{"line":91,"column":90},"end":{"line":91,"column":129}}]},"21":{"loc":{"start":{"line":92,"column":4},"end":{"line":97,"column":null}},"type":"if","locations":[{"start":{"line":92,"column":4},"end":{"line":97,"column":null}},{"start":{"line":92,"column":4},"end":{"line":97,"column":null}}]},"22":{"loc":{"start":{"line":92,"column":7},"end":{"line":92,"column":17}},"type":"binary-expr","locations":[{"start":{"line":92,"column":7},"end":{"line":92,"column":17}},{"start":{"line":92,"column":21},"end":{"line":92,"column":34}}]},"23":{"loc":{"start":{"line":96,"column":64},"end":{"line":96,"column":87}},"type":"binary-expr","locations":[{"start":{"line":96,"column":64},"end":{"line":96,"column":87}},{"start":{"line":96,"column":91},"end":{"line":96,"column":114}}]}},"s":{"0":1,"1":1,"2":6,"3":1,"4":5,"5":13,"6":5,"7":1,"8":4,"9":4,"10":4,"11":4,"12":4,"13":8,"14":8,"15":4,"16":4,"17":4,"18":4,"19":4,"20":1,"21":18,"22":1,"23":8,"24":8,"25":10,"26":8,"27":13,"28":8,"29":2,"30":5,"31":6,"32":6,"33":7,"34":6,"35":8,"36":6,"37":1,"38":1,"39":5,"40":5,"41":6,"42":5,"43":7,"44":5,"45":1,"46":2,"47":4,"48":4,"49":5,"50":4,"51":5,"52":4,"53":0,"54":0,"55":4},"f":{"0":6,"1":13,"2":18,"3":8,"4":10,"5":13,"6":5,"7":7,"8":8,"9":1,"10":6,"11":7,"12":2,"13":5,"14":5,"15":0},"b":{"0":[1,5],"1":[1,4],"2":[4,4],"3":[18,17,16,15],"4":[10,4,2],"5":[13,0],"6":[2,6],"7":[8,2],"8":[5,4],"9":[7,4,2],"10":[8,1],"11":[1,5],"12":[6,2],"13":[1,1],"14":[6,2,1],"15":[7,0],"16":[1,4],"17":[5,1],"18":[2,1],"19":[5,2,0],"20":[5,1],"21":[0,4],"22":[4,0],"23":[0,0]}}
,"/home/alex/Checkers/src/BusinessLogic/Coordinates.ts": {"path":"/home/alex/Checkers/src/BusinessLogic/Coordinates.ts","statementMap":{"0":{"start":{"line":9,"column":0},"end":{"line":9,"column":13}},"1":{"start":{"line":18,"column":12},"end":{"line":23,"column":null}},"2":{"start":{"line":19,"column":8},"end":{"line":20,"column":126}},"3":{"start":{"line":20,"column":12},"end":{"line":20,"column":126}},"4":{"start":{"line":21,"column":8},"end":{"line":22,"column":126}},"5":{"start":{"line":22,"column":12},"end":{"line":22,"column":126}},"6":{"start":{"line":13,"column":8},"end":{"line":13,"column":49}},"7":{"start":{"line":14,"column":8},"end":{"line":14,"column":19}},"8":{"start":{"line":15,"column":8},"end":{"line":15,"column":19}},"9":{"start":{"line":25,"column":0},"end":{"line":25,"column":null}},"10":{"start":{"line":9,"column":13},"end":{"line":9,"column":24}}},"fnMap":{"0":{"name":"(anonymous_0)","decl":{"start":{"line":9,"column":0},"end":{"line":9,"column":13}},"loc":{"start":{"line":9,"column":0},"end":{"line":25,"column":null}}},"1":{"name":"Coordinates","decl":{"start":{"line":12,"column":4},"end":{"line":12,"column":16}},"loc":{"start":{"line":12,"column":35},"end":{"line":16,"column":5}}},"2":{"name":"(anonymous_2)","decl":{"start":{"line":18,"column":44},"end":{"line":18,"column":45}},"loc":{"start":{"line":18,"column":64},"end":{"line":23,"column":5}}}},"branchMap":{"0":{"loc":{"start":{"line":19,"column":8},"end":{"line":20,"column":126}},"type":"if","locations":[{"start":{"line":19,"column":8},"end":{"line":20,"column":126}},{"start":{"line":19,"column":8},"end":{"line":20,"column":126}}]},"1":{"loc":{"start":{"line":19,"column":11},"end":{"line":19,"column":31}},"type":"binary-expr","locations":[{"start":{"line":19,"column":11},"end":{"line":19,"column":31}},{"start":{"line":19,"column":35},"end":{"line":19,"column":40}}]},"2":{"loc":{"start":{"line":21,"column":8},"end":{"line":22,"column":126}},"type":"if","locations":[{"start":{"line":21,"column":8},"end":{"line":22,"column":126}},{"start":{"line":21,"column":8},"end":{"line":22,"column":126}}]},"3":{"loc":{"start":{"line":21,"column":11},"end":{"line":21,"column":31}},"type":"binary-expr","locations":[{"start":{"line":21,"column":11},"end":{"line":21,"column":31}},{"start":{"line":21,"column":35},"end":{"line":21,"column":40}}]}},"s":{"0":3,"1":55,"2":55,"3":3,"4":52,"5":3,"6":55,"7":49,"8":49,"9":3,"10":3},"f":{"0":3,"1":55,"2":55},"b":{"0":[3,52],"1":[55,54],"2":[3,49],"3":[52,51]}}
,"/home/alex/Checkers/src/BusinessLogic/JafarGame.ts": {"path":"/home/alex/Checkers/src/BusinessLogic/JafarGame.ts","statementMap":{"0":{"start":{"line":9,"column":0},"end":{"line":9,"column":13}},"1":{"start":{"line":29,"column":12},"end":{"line":48,"column":null}},"2":{"start":{"line":30,"column":8},"end":{"line":31,"column":95}},"3":{"start":{"line":31,"column":12},"end":{"line":31,"column":95}},"4":{"start":{"line":32,"column":8},"end":{"line":33,"column":96}},"5":{"start":{"line":33,"column":12},"end":{"line":33,"column":96}},"6":{"start":{"line":34,"column":37},"end":{"line":34,"column":120}},"7":{"start":{"line":34,"column":68},"end":{"line":34,"column":120}},"8":{"start":{"line":35,"column":8},"end":{"line":36,"column":111}},"9":{"start":{"line":36,"column":11},"end":{"line":36,"column":111}},"10":{"start":{"line":37,"column":32},"end":{"line":37,"column":109}},"11":{"start":{"line":37,"column":60},"end":{"line":37,"column":109}},"12":{"start":{"line":38,"column":8},"end":{"line":39,"column":92}},"13":{"start":{"line":39,"column":12},"end":{"line":39,"column":92}},"14":{"start":{"line":41,"column":8},"end":{"line":45,"column":11}},"15":{"start":{"line":42,"column":29},"end":{"line":42,"column":105}},"16":{"start":{"line":42,"column":59},"end":{"line":42,"column":105}},"17":{"start":{"line":43,"column":12},"end":{"line":44,"column":106}},"18":{"start":{"line":44,"column":16},"end":{"line":44,"column":106}},"19":{"start":{"line":22,"column":8},"end":{"line":22,"column":75}},"20":{"start":{"line":24,"column":8},"end":{"line":24,"column":28}},"21":{"start":{"line":25,"column":8},"end":{"line":25,"column":35}},"22":{"start":{"line":26,"column":8},"end":{"line":26,"column":41}},"23":{"start":{"line":50,"column":4},"end":{"line":50,"column":null}},"24":{"start":{"line":9,"column":13},"end":{"line":9,"column":22}}},"fnMap":{"0":{"name":"(anonymous_0)","decl":{"start":{"line":9,"column":0},"end":{"line":9,"column":13}},"loc":{"start":{"line":9,"column":0},"end":{"line":50,"column":null}}},"1":{"name":"JafarGame","decl":{"start":{"line":20,"column":4},"end":{"line":20,"column":16}},"loc":{"start":{"line":20,"column":86},"end":{"line":27,"column":5}}},"2":{"name":"(anonymous_2)","decl":{"start":{"line":29,"column":44},"end":{"line":29,"column":45}},"loc":{"start":{"line":29,"column":115},"end":{"line":48,"column":9}}},"3":{"name":"(anonymous_3)","decl":{"start":{"line":34,"column":57},"end":{"line":34,"column":64}},"loc":{"start":{"line":34,"column":64},"end":{"line":34,"column":75}}},"4":{"name":"(anonymous_4)","decl":{"start":{"line":37,"column":50},"end":{"line":37,"column":51}},"loc":{"start":{"line":37,"column":55},"end":{"line":37,"column":64}}},"5":{"name":"(anonymous_5)","decl":{"start":{"line":41,"column":29},"end":{"line":41,"column":30}},"loc":{"start":{"line":41,"column":37},"end":{"line":45,"column":9}}},"6":{"name":"(anonymous_6)","decl":{"start":{"line":42,"column":49},"end":{"line":42,"column":50}},"loc":{"start":{"line":42,"column":54},"end":{"line":42,"column":63}}}},"branchMap":{"0":{"loc":{"start":{"line":30,"column":8},"end":{"line":31,"column":95}},"type":"if","locations":[{"start":{"line":30,"column":8},"end":{"line":31,"column":95}},{"start":{"line":30,"column":8},"end":{"line":31,"column":95}}]},"1":{"loc":{"start":{"line":32,"column":8},"end":{"line":33,"column":96}},"type":"if","locations":[{"start":{"line":32,"column":8},"end":{"line":33,"column":96}},{"start":{"line":32,"column":8},"end":{"line":33,"column":96}}]},"2":{"loc":{"start":{"line":34,"column":68},"end":{"line":34,"column":91}},"type":"binary-expr","locations":[{"start":{"line":34,"column":68},"end":{"line":34,"column":91}},{"start":{"line":34,"column":95},"end":{"line":34,"column":119}}]},"3":{"loc":{"start":{"line":35,"column":8},"end":{"line":36,"column":111}},"type":"if","locations":[{"start":{"line":35,"column":8},"end":{"line":36,"column":111}},{"start":{"line":35,"column":8},"end":{"line":36,"column":111}}]},"4":{"loc":{"start":{"line":37,"column":60},"end":{"line":37,"column":82}},"type":"binary-expr","locations":[{"start":{"line":37,"column":60},"end":{"line":37,"column":82}},{"start":{"line":37,"column":86},"end":{"line":37,"column":108}}]},"5":{"loc":{"start":{"line":38,"column":8},"end":{"line":39,"column":92}},"type":"if","locations":[{"start":{"line":38,"column":8},"end":{"line":39,"column":92}},{"start":{"line":38,"column":8},"end":{"line":39,"column":92}}]},"6":{"loc":{"start":{"line":42,"column":59},"end":{"line":42,"column":79}},"type":"binary-expr","locations":[{"start":{"line":42,"column":59},"end":{"line":42,"column":79}},{"start":{"line":42,"column":83},"end":{"line":42,"column":103}}]},"7":{"loc":{"start":{"line":43,"column":12},"end":{"line":44,"column":106}},"type":"if","locations":[{"start":{"line":43,"column":12},"end":{"line":44,"column":106}},{"start":{"line":43,"column":12},"end":{"line":44,"column":106}}]}},"s":{"0":2,"1":13,"2":13,"3":1,"4":12,"5":1,"6":11,"7":27,"8":11,"9":2,"10":9,"11":22,"12":9,"13":1,"14":8,"15":19,"16":53,"17":19,"18":1,"19":13,"20":7,"21":7,"22":7,"23":2,"24":2},"f":{"0":2,"1":13,"2":13,"3":27,"4":22,"5":19,"6":53},"b":{"0":[1,12],"1":[1,11],"2":[27,26],"3":[2,9],"4":[22,2],"5":[1,8],"6":[53,28],"7":[1,18]}}
}
