TN:
SF:src/BusinessLogic/Board.ts
FN:9,(anonymous_0)
FN:18,Board
FN:24,(anonymous_2)
FNF:3
FNH:3
FNDA:3,(anonymous_0)
FNDA:20,Board
FNDA:20,(anonymous_2)
DA:9,3
DA:19,20
DA:20,16
DA:21,16
DA:24,20
DA:25,20
DA:26,4
DA:28,3
LF:8
LH:8
BRDA:25,0,0,4
BRDA:25,0,1,16
BRDA:25,1,0,20
BRDA:25,1,1,19
BRDA:25,1,2,17
BRF:5
BRH:5
end_of_record
TN:
SF:src/BusinessLogic/CapturedPawnsCounter.ts
FN:10,(anonymous_0)
FN:17,(anonymous_1)
FN:44,(anonymous_2)
FN:50,(anonymous_3)
FN:57,(anonymous_4)
FN:58,(anonymous_5)
FN:63,(anonymous_6)
FN:68,(anonymous_7)
FN:69,(anonymous_8)
FN:74,(anonymous_9)
FN:79,(anonymous_10)
FN:80,(anonymous_11)
FN:85,(anonymous_12)
FN:90,(anonymous_13)
FN:91,(anonymous_14)
FN:96,(anonymous_15)
FNF:16
FNH:15
FNDA:6,(anonymous_0)
FNDA:13,(anonymous_1)
FNDA:18,(anonymous_2)
FNDA:8,(anonymous_3)
FNDA:10,(anonymous_4)
FNDA:13,(anonymous_5)
FNDA:5,(anonymous_6)
FNDA:7,(anonymous_7)
FNDA:8,(anonymous_8)
FNDA:1,(anonymous_9)
FNDA:6,(anonymous_10)
FNDA:7,(anonymous_11)
FNDA:2,(anonymous_12)
FNDA:5,(anonymous_13)
FNDA:5,(anonymous_14)
FNDA:0,(anonymous_15)
DA:1,1
DA:10,1
DA:13,6
DA:14,1
DA:16,5
DA:17,13
DA:19,5
DA:20,1
DA:23,4
DA:24,4
DA:25,4
DA:26,4
DA:27,4
DA:28,8
DA:29,8
DA:30,4
DA:31,4
DA:32,4
DA:35,4
DA:39,4
DA:44,1
DA:45,18
DA:50,1
DA:56,8
DA:57,10
DA:58,13
DA:59,8
DA:60,2
DA:63,5
DA:67,6
DA:68,7
DA:69,8
DA:70,6
DA:71,1
DA:74,1
DA:78,5
DA:79,6
DA:80,7
DA:81,5
DA:82,1
DA:85,2
DA:89,4
DA:90,5
DA:91,5
DA:92,4
DA:93,0
DA:96,0
DA:100,4
LF:48
LH:46
BRDA:13,0,0,1
BRDA:13,0,1,5
BRDA:19,1,0,1
BRDA:19,1,1,4
BRDA:29,2,0,4
BRDA:29,2,1,4
BRDA:45,3,0,18
BRDA:45,3,1,17
BRDA:45,3,2,16
BRDA:45,3,3,15
BRDA:57,4,0,10
BRDA:57,4,1,4
BRDA:57,4,2,2
BRDA:58,5,0,13
BRDA:58,5,1,0
BRDA:59,6,0,2
BRDA:59,6,1,6
BRDA:59,7,0,8
BRDA:59,7,1,2
BRDA:63,8,0,5
BRDA:63,8,1,4
BRDA:68,9,0,7
BRDA:68,9,1,4
BRDA:68,9,2,2
BRDA:69,10,0,8
BRDA:69,10,1,1
BRDA:70,11,0,1
BRDA:70,11,1,5
BRDA:70,12,0,6
BRDA:70,12,1,2
BRDA:74,13,0,1
BRDA:74,13,1,1
BRDA:79,14,0,6
BRDA:79,14,1,2
BRDA:79,14,2,1
BRDA:80,15,0,7
BRDA:80,15,1,0
BRDA:81,16,0,1
BRDA:81,16,1,4
BRDA:81,17,0,5
BRDA:81,17,1,1
BRDA:85,18,0,2
BRDA:85,18,1,1
BRDA:90,19,0,5
BRDA:90,19,1,2
BRDA:90,19,2,0
BRDA:91,20,0,5
BRDA:91,20,1,1
BRDA:92,21,0,0
BRDA:92,21,1,4
BRDA:92,22,0,4
BRDA:92,22,1,0
BRDA:96,23,0,0
BRDA:96,23,1,0
BRF:54
BRH:47
end_of_record
TN:
SF:src/BusinessLogic/Coordinates.ts
FN:9,(anonymous_0)
FN:12,Coordinates
FN:18,(anonymous_2)
FNF:3
FNH:3
FNDA:3,(anonymous_0)
FNDA:55,Coordinates
FNDA:55,(anonymous_2)
DA:9,3
DA:13,55
DA:14,49
DA:15,49
DA:18,55
DA:19,55
DA:20,3
DA:21,52
DA:22,3
DA:25,3
LF:10
LH:10
BRDA:19,0,0,3
BRDA:19,0,1,52
BRDA:19,1,0,55
BRDA:19,1,1,54
BRDA:21,2,0,3
BRDA:21,2,1,49
BRDA:21,3,0,52
BRDA:21,3,1,51
BRF:8
BRH:8
end_of_record
TN:
SF:src/BusinessLogic/JafarGame.ts
FN:9,(anonymous_0)
FN:20,JafarGame
FN:29,(anonymous_2)
FN:34,(anonymous_3)
FN:37,(anonymous_4)
FN:41,(anonymous_5)
FN:42,(anonymous_6)
FNF:7
FNH:7
FNDA:2,(anonymous_0)
FNDA:13,JafarGame
FNDA:13,(anonymous_2)
FNDA:27,(anonymous_3)
FNDA:22,(anonymous_4)
FNDA:19,(anonymous_5)
FNDA:53,(anonymous_6)
DA:9,2
DA:22,13
DA:24,7
DA:25,7
DA:26,7
DA:29,13
DA:30,13
DA:31,1
DA:32,12
DA:33,1
DA:34,27
DA:35,11
DA:36,2
DA:37,22
DA:38,9
DA:39,1
DA:41,8
DA:42,53
DA:43,19
DA:44,1
DA:50,2
LF:21
LH:21
BRDA:30,0,0,1
BRDA:30,0,1,12
BRDA:32,1,0,1
BRDA:32,1,1,11
BRDA:34,2,0,27
BRDA:34,2,1,26
BRDA:35,3,0,2
BRDA:35,3,1,9
BRDA:37,4,0,22
BRDA:37,4,1,2
BRDA:38,5,0,1
BRDA:38,5,1,8
BRDA:42,6,0,53
BRDA:42,6,1,28
BRDA:43,7,0,1
BRDA:43,7,1,18
BRF:16
BRH:16
end_of_record
